  BswM.c
  BswM_Lcfg.c
  BswM_PBcfg.c
  BswM_Callout_Stubs.c
  CanIf.c
  CanIf_Lcfg.c
  CanIf_PBcfg.c
  CanNm.c
  CanNm_Cfg.c
  CanNm_Lcfg.c
  CanNm_PBcfg.c
  CANoeEmu_cfg.c
  CanSM.c
  CanSM_Lcfg.c
  CanTp.c
  CanTp_Lcfg.c
  CanTp_PBcfg.c
  Com.c
  Com_Lcfg.c
  CANoeEmu Library is older than version 2.28, channel mapping from VTT tool is ignored!
  Com_PBcfg.c
  ComM.c
  ComM_Lcfg.c
  ComM_PBcfg.c
  Crc.c
  Dcm.c
  Dcm_Ext.c
  Dcm_Lcfg.c
  Dcm_PBcfg.c
  Dem.c
  Dem_Lcfg.c
  Dem_PBcfg.c
  Det.c
  EcuM.c
  EcuM_Cfg.c
  EcuM_Init_PBcfg.c
  EcuM_PBcfg.c
  EcuM_Callout_Stubs.c
  Fee.c
  Fee_ChunkInfo.c
  Fee_Partition.c
  Fee_Sector.c
  Fee_Processing.c
  Fee_Lcfg.c
  MemIf.c
  MemIf_Cfg.c
  Nm.c
  Nm_Cfg.c
  Nm_Lcfg.c
  NvM.c
  NvM_Act.c
  NvM_Crc.c
  NvM_JobProc.c
  NvM_Qry.c
  NvM_Queue.c
  NvM_Cfg.c
  PduR.c
  PduR_Lcfg.c
  PduR_PBcfg.c
  Rte.c
  Rte_Hook.c
  vstdlib.c
  Can.c
  Can_Irq.c
  VttCntrl_Can.c
  Can_Lcfg.c
  Can_PBcfg.c
  VttCntrl_Can_Cfg.c
  VttCntrl_Det.c
  VttCntrl_Base.c
  Dio.c
  Dio_PBcfg.c
  VttCntrl_Dio.c
  VttCntrl_Dio_Cfg.c
  Fls.c
  Fls_Lcfg.c
  VttCntrl_Fls.c
  VttCntrl_Fls_Cfg.c
  Mcu.c
  Mcu_PBcfg.c
  VttCntrl_Mcu.c
  tcb.c
  msg.c
  trustfct.c
  Os_Callout_Stubs.c
  VTTOs_Hardware_Timer.c
  CtSaSunlightPresence.c
  CtSaSpeedLimit.c
  CtSaSolarPanelControl.c
  CtSaLockControl.c
  CtSaEngineControl.c
  CtSaBatteryModeManager.c
  CtSaBatteryManagement.c
  CtIoHwAb.c
  CtApSEVMIController.c
  Main.c
  VttSysVars.c
  Vtt_Hook.c
..\..\Appl\Source\CtApSEVMIController.c(453): warning C4244: 'function' : conversion from 'float' to 'IdtBatteryStatus', possible loss of data
..\..\Appl\Source\CtApSEVMIController.c(375): warning C4101: 'speedLimit' : unreferenced local variable
..\..\Appl\Source\CtApSEVMIController.c(510): warning C4002: too many actual parameters for macro 'Rte_Mode_PpComMCurrentModeSEVMIController_currentMode'
..\..\Appl\Source\CtApSEVMIController.c(512): warning C4002: too many actual parameters for macro 'Rte_Mode_PpComMCurrentModeSEVMIController_currentMode'
..\..\Appl\Source\CtApSEVMIController.c(508): warning C4101: 'batteryMode' : unreferenced local variable
     Creating library C:\nit-au-03\AUTOSAR_Exercises\AFS\Solution\Debug_vc120\MyECU.lib and object C:\nit-au-03\AUTOSAR_Exercises\AFS\Solution\Debug_vc120\MyECU.exp
  MyECU.vcxproj -> C:\nit-au-03\AUTOSAR_Exercises\AFS\Solution\Debug_vc120\MyECU.dll
