2024-02-10 - 19:31:16
Workflow 'Update workflow.' started.
              Using DaVinci Configurator 5.11.16 SP1 (x86_64).
 19:31:16 - Action 'SLP conformance check' started.
 19:31:16 - Action 'SLP conformance check' started.
 19:31:16 - Action 'SLP conformance check' successfully finished.
 19:31:16 - Action 'SLP conformance check' successfully finished.
 19:31:16 - Action 'Creating back up' started.
 19:31:16 - Action 'Creating back up' started.
              Create backup folder: 'C:\nit-au-03\AUTOSAR_Exercises\AFS\Backups\backup_dvpa_2024-02-10_19-31-16'.
              Copied project file from: 'C:\nit-au-03\AUTOSAR_Exercises\AFS\MyECU.dpa' to 'C:\nit-au-03\AUTOSAR_Exercises\AFS\Backups\backup_dvpa_2024-02-10_19-31-16\MyECU.dpa'.
              Copied ECUC folder from: 'C:\nit-au-03\AUTOSAR_Exercises\AFS\Config\ECUC' to 'C:\nit-au-03\AUTOSAR_Exercises\AFS\Backups\backup_dvpa_2024-02-10_19-31-16\Config\ECUC'.
              Copied 'System' folder from: 'C:\nit-au-03\AUTOSAR_Exercises\AFS\Config\System' to 'C:\nit-au-03\AUTOSAR_Exercises\AFS\Backups\backup_dvpa_2024-02-10_19-31-16\Config\System'.
              Copied DaVinci Developer Workspace folder from: 'C:\nit-au-03\AUTOSAR_Exercises\AFS\.\Config\Developer' to 'C:\nit-au-03\AUTOSAR_Exercises\AFS\Backups\backup_dvpa_2024-02-10_19-31-16\Config\Developer'.
              Copied BSW internal behavior folder from: 'C:\nit-au-03\AUTOSAR_Exercises\AFS\Config\InternalBehavior' to 'C:\nit-au-03\AUTOSAR_Exercises\AFS\Backups\backup_dvpa_2024-02-10_19-31-16\Config\InternalBehavior'.
              Copied SWC files folder from: 'C:\nit-au-03\AUTOSAR_Exercises\AFS\Config\ServiceComponents' to 'C:\nit-au-03\AUTOSAR_Exercises\AFS\Backups\backup_dvpa_2024-02-10_19-31-16\Config\ServiceComponents'.
 19:31:16 - Action 'Creating back up' successfully finished.
 19:31:16 - Action 'Creating back up' successfully finished.
 19:31:16 - Action 'Processing the input files' started.
 19:31:16 - Action 'Processing the input files' started.
 19:31:16 - Action 'Processing' started.
              Start converting legacy file(s): C:\nit-au-03\AUTOSAR_Exercises\AFS\Config\_InputDataBases\CAN.dbc.
 19:31:16 - Action 'Converting legacy file(s) to AUTOSAR files' started.
 19:31:16 - Action 'Converting legacy file(s) to AUTOSAR files' started.
              Convert legacy file(s) to System Description.
              Used executable: "C:\nit-au-03\AUTOSAR_Exercises\Generators\LegacyDb2SystemDescrConverter\LegacyDb2SystemDescrConverter.exe".
              Arguments: ["C:\nit-au-03\AUTOSAR_Exercises\AFS\Config\_InputDataBases\CAN.dbc", -o, "C:\Users\nituser\AppData\Local\Temp\705255329894700\ConvertedLegacy.arxml", -r, 42, -e].
              
              Vector Legacy Database Converter Version 1.7.30.0.
              Copyright c Vector Informatik GmbH 2016.
              License is invalid! Element <SLP> cannot be found.
              
              [info] Command line: "C:\nit-au-03\AUTOSAR_Exercises\Generators\LegacyDb2SystemDescrConverter\LegacyDb2SystemDescrConverter.exe" "C:\nit-au-03\AUTOSAR_Exercises\AFS\Config\_InputDataBases\CAN.dbc" -o "C:\Users\nituser\AppData\Local\Temp\705255329894700\ConvertedLegacy.arxml" -r 42 -e.
              [info] Options file: -v 15.
              [info] Converting DBC file C:\nit-au-03\AUTOSAR_Exercises\AFS\Config\_InputDataBases\CAN.dbc.
              [error] DBC attribute definition GenMsgSendType has unknown default value cyclicX.
              [error] DBC attribute definition GenSigSendType has unknown default value cyclicX.
              [info] Writing System Description...
              [info] Writing 3 ECU Extracts...
              
              C:\Users\nituser\AppData\Local\Temp\705255329894700\ConvertedLegacy.arxml.
              C:\Users\nituser\AppData\Local\Temp\705255329894700\ConvertedLegacy_MyECU.arxml.
              C:\Users\nituser\AppData\Local\Temp\705255329894700\ConvertedLegacy_RearECU.arxml.
              C:\Users\nituser\AppData\Local\Temp\705255329894700\ConvertedLegacy_Tester.arxml.
              Elapsed time: 0,498 seconds.
              2 Errors.
              0 Warnings.
 19:31:17 - Action 'Converting legacy file(s) to AUTOSAR files' successfully finished.
 19:31:17 - Action 'Converting legacy file(s) to AUTOSAR files' successfully finished.
              Legacy converter result file: C:\Users\nituser\AppData\Local\Temp\705255329894700\ConvertedLegacy_MyECU.arxml.
 19:31:17 - Action 'Processing' successfully finished.
 19:31:18 - Action 'Evaluate system extract paths' started.
 19:31:18 - Action 'Evaluate system extract paths' started.
 19:31:18 - Action 'Evaluate system extract paths' successfully finished.
 19:31:18 - Action 'Evaluate system extract paths' successfully finished.
 19:31:18 - Action 'Processing the input files' successfully finished.
 19:31:18 - Action 'Close Project' started.
 19:31:19 - Action 'Close Project' successfully finished.
 19:31:19 - Action 'Prepare project for EcucUpdate' started.
 19:31:19 - Action 'Create copy of the Project' started.
              Copy project 'C:\nit-au-03\AUTOSAR_Exercises\AFS' to 'C:\Users\nituser\AppData\Local\Temp\SC15'...
              Adjusting DPA file of copied project...
 19:31:19 - Action 'Create copy of the Project' successfully finished.
 19:31:19 - Action 'Prepare project for EcucUpdate' successfully finished.
 19:31:19 - Action 'Prepare DaVinci Developer update data' started.
 19:31:19 - Action 'Prepare DaVinci Developer update data' started.
 19:31:19 - Action 'Prepare DaVinci Developer update data' successfully finished.
 19:31:19 - Action 'Prepare DaVinci Developer update data' successfully finished.
 19:31:19 - Action 'Prepare data for update' started.
 19:31:19 - Action 'Prepare data for update' successfully finished.
 19:31:19 - Action 'Prepare System Extract' started.
 19:31:20 - Action 'Preprocessing System Extract' started.
 19:31:20 - Action 'Preprocessing System Extract' successfully finished.
 19:31:20 - Action 'Create OEM Communication Extract' started.
 19:31:20 - Action 'Create OEM Communication Extract' successfully finished.
 19:31:20 - Action 'Prepare System Extract' successfully finished.
 19:31:20 - Action 'Updating the project' started.
 19:31:20 - Action 'Updating the project' started.
 19:31:23 - Action 'Generate ECU configuration' started.
 19:31:25 - Action 'Diagnostics Description Import for CDD' started.
 19:31:28 - Action 'Diagnostics Description Import for CDD' successfully finished.
 19:31:28 - Action 'Validation and Auto-Solving-Actions' started.
 19:31:32 - Action 'Validation and Auto-Solving-Actions' successfully finished.
 19:31:32 - Action 'Generate ECU configuration' successfully finished.
 19:31:32 - Action 'Update ECU configuration' started.
 19:31:37 - Action 'Update ECU configuration' successfully finished.
 19:31:37 - Action 'Updating the project' successfully finished.
 19:31:37 - Action 'Updating the project' successfully finished.
 19:31:37 - Action 'Adapt project file' started.
 19:31:38 - Action 'Adapt project file' successfully finished.
 19:31:38 - Action 'Execute update-specific solving actions' started.
              [Warning] The following paths, configurated in the given .dpa file do not exist:
                        ApplicationComponents: C:\Users\nituser\AppData\Local\Temp\SC15\Config\ApplicationComponents,
                        DefinitionRestriction: C:\Users\nituser\AppData\Local\Temp\SC15\DefRestrict
                        .
 19:31:42 - Action 'Execute update-specific solving actions' successfully finished with warnings.
                 [Warning] The following paths, configurated in the given .dpa file do not exist:
                 ApplicationComponents: C:\Users\nituser\AppData\Local\Temp\SC15\Config\ApplicationComponents,
                 DefinitionRestriction: C:\Users\nituser\AppData\Local\Temp\SC15\DefRestrict
                 .
 19:31:42 - Action 'Update DaVinci Developer Workspace' started.
 19:31:51 - Action 'Update DaVinci Developer Workspace' successfully finished.
 19:31:51 - Action 'Update RTE configuration' started.
              [Warning] The following paths, configurated in the given .dpa file do not exist:
                        ApplicationComponents: C:\Users\nituser\AppData\Local\Temp\SC15\Config\ApplicationComponents,
                        DefinitionRestriction: C:\Users\nituser\AppData\Local\Temp\SC15\DefRestrict
                        .
 19:31:54 - Action 'Update RTE configuration' successfully finished.
 19:31:54 - Action 'Align differences after successful update' started.
 19:31:54 - Action 'Align differences after successful update' started.
 19:31:55 - Action 'Align differences after successful update' successfully finished.
 19:31:55 - Action 'Align differences after successful update' successfully finished.
 19:31:55 - Action 'Clean up update data' started.
 19:31:55 - Action 'Clean up update data' successfully finished.
 19:31:55 - Action 'Open Project' started.
 19:32:04 - Action 'Open Project' successfully finished.
19:32:04 - Workflow 'Update workflow.' successfully finished with warnings.
                [Warning] The following paths, configurated in the given .dpa file do not exist:
                ApplicationComponents: C:\Users\nituser\AppData\Local\Temp\SC15\Config\ApplicationComponents,
                DefinitionRestriction: C:\Users\nituser\AppData\Local\Temp\SC15\DefRestrict
                .
